<?xml version="1.0" encoding="UTF-8"?>
<!-- Generated by org.testng.reporters.JUnitReportReporter -->
<testsuite hostname="Jack" failures="0" tests="1" name="tests.MyPersonalInformation" time="21.210" errors="0" timestamp="2022-06-29T12:46:14 CEST" skipped="0">
  <testcase classname="tests.MyPersonalInformation" name="validateMyPersonalInformation" time="21.210"/>
  <system-out/>
</testsuite> <!-- tests.MyPersonalInformation -->
