<?xml version="1.0" encoding="UTF-8"?>
<!-- Generated by org.testng.reporters.JUnitReportReporter -->
<testsuite hostname="Jack" failures="0" tests="1" name="tests.Pokemon" time="1.154" errors="0" timestamp="2022-06-29T17:38:45 CEST" skipped="0">
  <testcase classname="tests.Pokemon" name="accessPokemonAPI" time="1.154"/>
  <system-out/>
</testsuite> <!-- tests.Pokemon -->
